<?xml version="1.0" encoding="UTF-8"?>
<testsuite xmlns:xsi="http://www.w3.org/2001/XMLSchema-instance" xsi:noNamespaceSchemaLocation="https://maven.apache.org/surefire/maven-surefire-plugin/xsd/surefire-test-report.xsd" name="scc.processors.demo.MyProcessorTest" time="0.783" tests="1" errors="0" skipped="0" failures="0">
  <properties>
    <property name="sun.desktop" value="gnome"/>
    <property name="awt.toolkit" value="sun.awt.X11.XToolkit"/>
    <property name="file.encoding.pkg" value="sun.io"/>
    <property name="java.specification.version" value="1.8"/>
    <property name="sun.cpu.isalist" value=""/>
    <property name="sun.jnu.encoding" value="UTF-8"/>
    <property name="java.class.path" value="/home/morcossameh/eclipse-workspace/newProcessor2/SCC-processors/nifi-demo-processors/target/test-classes:/home/morcossameh/eclipse-workspace/newProcessor2/SCC-processors/nifi-demo-processors/target/classes:/home/morcossameh/.m2/repository/org/apache/nifi/nifi-api/1.9.2/nifi-api-1.9.2.jar:/home/morcossameh/.m2/repository/org/apache/nifi/nifi-processor-utils/1.9.2/nifi-processor-utils-1.9.2.jar:/home/morcossameh/.m2/repository/commons-io/commons-io/2.6/commons-io-2.6.jar:/home/morcossameh/.m2/repository/com/fasterxml/jackson/core/jackson-databind/2.9.7/jackson-databind-2.9.7.jar:/home/morcossameh/.m2/repository/com/fasterxml/jackson/core/jackson-annotations/2.9.0/jackson-annotations-2.9.0.jar:/home/morcossameh/.m2/repository/org/apache/nifi/nifi-kerberos-credentials-service-api/1.9.2/nifi-kerberos-credentials-service-api-1.9.2.jar:/home/morcossameh/.m2/repository/org/apache/nifi/nifi-record-serialization-service-api/1.9.2/nifi-record-serialization-service-api-1.9.2.jar:/home/morcossameh/.m2/repository/org/apache/kudu/kudu-client/1.7.0/kudu-client-1.7.0.jar:/home/morcossameh/.m2/repository/com/stumbleupon/async/1.4.1/async-1.4.1.jar:/home/morcossameh/.m2/repository/org/apache/yetus/audience-annotations/0.7.0/audience-annotations-0.7.0.jar:/home/morcossameh/.m2/repository/org/slf4j/slf4j-api/1.7.25/slf4j-api-1.7.25.jar:/home/morcossameh/.m2/repository/org/apache/nifi/nifi-utils/1.9.2/nifi-utils-1.9.2.jar:/home/morcossameh/.m2/repository/org/apache/nifi/nifi-record/1.9.2/nifi-record-1.9.2.jar:/home/morcossameh/.m2/repository/com/google/guava/guava/18.0/guava-18.0.jar:/home/morcossameh/.m2/repository/org/apache/nifi/nifi-security-utils/1.9.2/nifi-security-utils-1.9.2.jar:/home/morcossameh/.m2/repository/org/apache/commons/commons-lang3/3.8.1/commons-lang3-3.8.1.jar:/home/morcossameh/.m2/repository/commons-codec/commons-codec/1.11/commons-codec-1.11.jar:/home/morcossameh/.m2/repository/org/bouncycastle/bcprov-jdk15on/1.60/bcprov-jdk15on-1.60.jar:/home/morcossameh/.m2/repository/org/bouncycastle/bcpkix-jdk15on/1.60/bcpkix-jdk15on-1.60.jar:/home/morcossameh/.m2/repository/org/apache/nifi/nifi-properties/1.9.2/nifi-properties-1.9.2.jar:/home/morcossameh/.m2/repository/de/svenkubiak/jBCrypt/0.4.1/jBCrypt-0.4.1.jar:/home/morcossameh/.m2/repository/org/apache/nifi/nifi-mock-record-utils/1.9.2/nifi-mock-record-utils-1.9.2.jar:/home/morcossameh/.m2/repository/org/apache/nifi/nifi-mock/1.9.2/nifi-mock-1.9.2.jar:/home/morcossameh/.m2/repository/org/apache/nifi/nifi-framework-api/1.9.2/nifi-framework-api-1.9.2.jar:/home/morcossameh/.m2/repository/org/apache/nifi/nifi-expression-language/1.9.2/nifi-expression-language-1.9.2.jar:/home/morcossameh/.m2/repository/org/antlr/antlr-runtime/3.5.2/antlr-runtime-3.5.2.jar:/home/morcossameh/.m2/repository/org/apache/commons/commons-text/1.4/commons-text-1.4.jar:/home/morcossameh/.m2/repository/org/apache/nifi/nifi-data-provenance-utils/1.9.2/nifi-data-provenance-utils-1.9.2.jar:/home/morcossameh/.m2/repository/org/apache/nifi/nifi-properties-loader/1.9.2/nifi-properties-loader-1.9.2.jar:/home/morcossameh/.m2/repository/ch/qos/logback/logback-classic/1.2.3/logback-classic-1.2.3.jar:/home/morcossameh/.m2/repository/ch/qos/logback/logback-core/1.2.3/logback-core-1.2.3.jar:/home/morcossameh/.m2/repository/org/mockito/mockito-all/1.10.19/mockito-all-1.10.19.jar:/home/morcossameh/.m2/repository/com/fasterxml/jackson/core/jackson-core/2.5.4/jackson-core-2.5.4.jar:/home/morcossameh/.m2/repository/com/jayway/jsonpath/json-path/2.4.0/json-path-2.4.0.jar:/home/morcossameh/.m2/repository/net/minidev/json-smart/2.3/json-smart-2.3.jar:/home/morcossameh/.m2/repository/net/minidev/accessors-smart/1.2/accessors-smart-1.2.jar:/home/morcossameh/.m2/repository/org/ow2/asm/asm/5.0.4/asm-5.0.4.jar:/home/morcossameh/.m2/repository/mysql/mysql-connector-java/8.0.15/mysql-connector-java-8.0.15.jar:/home/morcossameh/.m2/repository/com/google/protobuf/protobuf-java/3.6.1/protobuf-java-3.6.1.jar:/home/morcossameh/.m2/repository/org/apache/hadoop/hadoop-client/2.6.0/hadoop-client-2.6.0.jar:/home/morcossameh/.m2/repository/org/apache/hadoop/hadoop-common/2.6.0/hadoop-common-2.6.0.jar:/home/morcossameh/.m2/repository/commons-cli/commons-cli/1.2/commons-cli-1.2.jar:/home/morcossameh/.m2/repository/org/apache/commons/commons-math3/3.1.1/commons-math3-3.1.1.jar:/home/morcossameh/.m2/repository/xmlenc/xmlenc/0.52/xmlenc-0.52.jar:/home/morcossameh/.m2/repository/commons-httpclient/commons-httpclient/3.1/commons-httpclient-3.1.jar:/home/morcossameh/.m2/repository/commons-net/commons-net/3.1/commons-net-3.1.jar:/home/morcossameh/.m2/repository/commons-collections/commons-collections/3.2.1/commons-collections-3.2.1.jar:/home/morcossameh/.m2/repository/log4j/log4j/1.2.17/log4j-1.2.17.jar:/home/morcossameh/.m2/repository/commons-lang/commons-lang/2.6/commons-lang-2.6.jar:/home/morcossameh/.m2/repository/commons-configuration/commons-configuration/1.6/commons-configuration-1.6.jar:/home/morcossameh/.m2/repository/commons-digester/commons-digester/1.8/commons-digester-1.8.jar:/home/morcossameh/.m2/repository/commons-beanutils/commons-beanutils/1.7.0/commons-beanutils-1.7.0.jar:/home/morcossameh/.m2/repository/commons-beanutils/commons-beanutils-core/1.8.0/commons-beanutils-core-1.8.0.jar:/home/morcossameh/.m2/repository/org/codehaus/jackson/jackson-core-asl/1.9.13/jackson-core-asl-1.9.13.jar:/home/morcossameh/.m2/repository/org/codehaus/jackson/jackson-mapper-asl/1.9.13/jackson-mapper-asl-1.9.13.jar:/home/morcossameh/.m2/repository/org/apache/avro/avro/1.7.4/avro-1.7.4.jar:/home/morcossameh/.m2/repository/com/thoughtworks/paranamer/paranamer/2.3/paranamer-2.3.jar:/home/morcossameh/.m2/repository/org/xerial/snappy/snappy-java/1.0.4.1/snappy-java-1.0.4.1.jar:/home/morcossameh/.m2/repository/com/google/code/gson/gson/2.2.4/gson-2.2.4.jar:/home/morcossameh/.m2/repository/org/apache/hadoop/hadoop-auth/2.6.0/hadoop-auth-2.6.0.jar:/home/morcossameh/.m2/repository/org/apache/directory/server/apacheds-kerberos-codec/2.0.0-M15/apacheds-kerberos-codec-2.0.0-M15.jar:/home/morcossameh/.m2/repository/org/apache/directory/server/apacheds-i18n/2.0.0-M15/apacheds-i18n-2.0.0-M15.jar:/home/morcossameh/.m2/repository/org/apache/directory/api/api-asn1-api/1.0.0-M20/api-asn1-api-1.0.0-M20.jar:/home/morcossameh/.m2/repository/org/apache/directory/api/api-util/1.0.0-M20/api-util-1.0.0-M20.jar:/home/morcossameh/.m2/repository/org/apache/curator/curator-client/2.6.0/curator-client-2.6.0.jar:/home/morcossameh/.m2/repository/org/apache/curator/curator-recipes/2.6.0/curator-recipes-2.6.0.jar:/home/morcossameh/.m2/repository/com/google/code/findbugs/jsr305/1.3.9/jsr305-1.3.9.jar:/home/morcossameh/.m2/repository/org/htrace/htrace-core/3.0.4/htrace-core-3.0.4.jar:/home/morcossameh/.m2/repository/org/apache/commons/commons-compress/1.4.1/commons-compress-1.4.1.jar:/home/morcossameh/.m2/repository/org/tukaani/xz/1.0/xz-1.0.jar:/home/morcossameh/.m2/repository/org/apache/hadoop/hadoop-hdfs/2.6.0/hadoop-hdfs-2.6.0.jar:/home/morcossameh/.m2/repository/org/mortbay/jetty/jetty-util/6.1.26/jetty-util-6.1.26.jar:/home/morcossameh/.m2/repository/io/netty/netty/3.6.2.Final/netty-3.6.2.Final.jar:/home/morcossameh/.m2/repository/xerces/xercesImpl/2.9.1/xercesImpl-2.9.1.jar:/home/morcossameh/.m2/repository/xml-apis/xml-apis/1.3.04/xml-apis-1.3.04.jar:/home/morcossameh/.m2/repository/org/apache/hadoop/hadoop-mapreduce-client-app/2.6.0/hadoop-mapreduce-client-app-2.6.0.jar:/home/morcossameh/.m2/repository/org/apache/hadoop/hadoop-mapreduce-client-common/2.6.0/hadoop-mapreduce-client-common-2.6.0.jar:/home/morcossameh/.m2/repository/org/apache/hadoop/hadoop-yarn-client/2.6.0/hadoop-yarn-client-2.6.0.jar:/home/morcossameh/.m2/repository/org/apache/hadoop/hadoop-yarn-server-common/2.6.0/hadoop-yarn-server-common-2.6.0.jar:/home/morcossameh/.m2/repository/org/apache/hadoop/hadoop-mapreduce-client-shuffle/2.6.0/hadoop-mapreduce-client-shuffle-2.6.0.jar:/home/morcossameh/.m2/repository/org/fusesource/leveldbjni/leveldbjni-all/1.8/leveldbjni-all-1.8.jar:/home/morcossameh/.m2/repository/org/apache/hadoop/hadoop-yarn-api/2.6.0/hadoop-yarn-api-2.6.0.jar:/home/morcossameh/.m2/repository/org/apache/hadoop/hadoop-mapreduce-client-core/2.6.0/hadoop-mapreduce-client-core-2.6.0.jar:/home/morcossameh/.m2/repository/org/apache/hadoop/hadoop-yarn-common/2.6.0/hadoop-yarn-common-2.6.0.jar:/home/morcossameh/.m2/repository/javax/xml/bind/jaxb-api/2.2.2/jaxb-api-2.2.2.jar:/home/morcossameh/.m2/repository/javax/xml/stream/stax-api/1.0-2/stax-api-1.0-2.jar:/home/morcossameh/.m2/repository/javax/servlet/servlet-api/2.5/servlet-api-2.5.jar:/home/morcossameh/.m2/repository/com/sun/jersey/jersey-core/1.9/jersey-core-1.9.jar:/home/morcossameh/.m2/repository/com/sun/jersey/jersey-client/1.9/jersey-client-1.9.jar:/home/morcossameh/.m2/repository/org/codehaus/jackson/jackson-jaxrs/1.9.13/jackson-jaxrs-1.9.13.jar:/home/morcossameh/.m2/repository/org/codehaus/jackson/jackson-xc/1.9.13/jackson-xc-1.9.13.jar:/home/morcossameh/.m2/repository/org/apache/hadoop/hadoop-mapreduce-client-jobclient/2.6.0/hadoop-mapreduce-client-jobclient-2.6.0.jar:/home/morcossameh/.m2/repository/org/apache/hadoop/hadoop-annotations/2.6.0/hadoop-annotations-2.6.0.jar:/home/morcossameh/.m2/repository/org/apache/hive/hive-jdbc/1.1.0/hive-jdbc-1.1.0.jar:/home/morcossameh/.m2/repository/org/apache/hive/hive-common/1.1.0/hive-common-1.1.0.jar:/home/morcossameh/.m2/repository/log4j/apache-log4j-extras/1.2.17/apache-log4j-extras-1.2.17.jar:/home/morcossameh/.m2/repository/org/apache/ant/ant/1.9.1/ant-1.9.1.jar:/home/morcossameh/.m2/repository/org/apache/ant/ant-launcher/1.9.1/ant-launcher-1.9.1.jar:/home/morcossameh/.m2/repository/org/apache/hive/hive-service/1.1.0/hive-service-1.1.0.jar:/home/morcossameh/.m2/repository/net/sf/jpam/jpam/1.1/jpam-1.1.jar:/home/morcossameh/.m2/repository/org/eclipse/jetty/aggregate/jetty-all/7.6.0.v20120127/jetty-all-7.6.0.v20120127.jar:/home/morcossameh/.m2/repository/org/apache/geronimo/specs/geronimo-jta_1.1_spec/1.1.1/geronimo-jta_1.1_spec-1.1.1.jar:/home/morcossameh/.m2/repository/javax/mail/mail/1.4.1/mail-1.4.1.jar:/home/morcossameh/.m2/repository/javax/activation/activation/1.1/activation-1.1.jar:/home/morcossameh/.m2/repository/org/apache/geronimo/specs/geronimo-jaspic_1.0_spec/1.0/geronimo-jaspic_1.0_spec-1.0.jar:/home/morcossameh/.m2/repository/org/apache/geronimo/specs/geronimo-annotation_1.0_spec/1.1.1/geronimo-annotation_1.0_spec-1.1.1.jar:/home/morcossameh/.m2/repository/asm/asm-commons/3.1/asm-commons-3.1.jar:/home/morcossameh/.m2/repository/asm/asm-tree/3.1/asm-tree-3.1.jar:/home/morcossameh/.m2/repository/asm/asm/3.1/asm-3.1.jar:/home/morcossameh/.m2/repository/org/apache/thrift/libfb303/0.9.2/libfb303-0.9.2.jar:/home/morcossameh/.m2/repository/org/apache/hive/hive-serde/1.1.0/hive-serde-1.1.0.jar:/home/morcossameh/.m2/repository/net/sf/opencsv/opencsv/2.3/opencsv-2.3.jar:/home/morcossameh/.m2/repository/com/twitter/parquet-hadoop-bundle/1.6.0rc3/parquet-hadoop-bundle-1.6.0rc3.jar:/home/morcossameh/.m2/repository/org/apache/hive/hive-metastore/1.1.0/hive-metastore-1.1.0.jar:/home/morcossameh/.m2/repository/com/jolbox/bonecp/0.8.0.RELEASE/bonecp-0.8.0.RELEASE.jar:/home/morcossameh/.m2/repository/org/apache/derby/derby/10.11.1.1/derby-10.11.1.1.jar:/home/morcossameh/.m2/repository/org/datanucleus/datanucleus-api-jdo/3.2.6/datanucleus-api-jdo-3.2.6.jar:/home/morcossameh/.m2/repository/org/datanucleus/datanucleus-core/3.2.10/datanucleus-core-3.2.10.jar:/home/morcossameh/.m2/repository/org/datanucleus/datanucleus-rdbms/3.2.9/datanucleus-rdbms-3.2.9.jar:/home/morcossameh/.m2/repository/commons-pool/commons-pool/1.5.4/commons-pool-1.5.4.jar:/home/morcossameh/.m2/repository/commons-dbcp/commons-dbcp/1.4/commons-dbcp-1.4.jar:/home/morcossameh/.m2/repository/javax/jdo/jdo-api/3.0.1/jdo-api-3.0.1.jar:/home/morcossameh/.m2/repository/javax/transaction/jta/1.1/jta-1.1.jar:/home/morcossameh/.m2/repository/org/apache/hive/hive-shims/1.1.0/hive-shims-1.1.0.jar:/home/morcossameh/.m2/repository/org/apache/hive/shims/hive-shims-common/1.1.0/hive-shims-common-1.1.0.jar:/home/morcossameh/.m2/repository/org/apache/hive/shims/hive-shims-0.20S/1.1.0/hive-shims-0.20S-1.1.0.jar:/home/morcossameh/.m2/repository/org/apache/hive/shims/hive-shims-0.23/1.1.0/hive-shims-0.23-1.1.0.jar:/home/morcossameh/.m2/repository/org/apache/hadoop/hadoop-yarn-server-resourcemanager/2.6.0/hadoop-yarn-server-resourcemanager-2.6.0.jar:/home/morcossameh/.m2/repository/com/google/inject/extensions/guice-servlet/3.0/guice-servlet-3.0.jar:/home/morcossameh/.m2/repository/com/google/inject/guice/3.0/guice-3.0.jar:/home/morcossameh/.m2/repository/javax/inject/javax.inject/1/javax.inject-1.jar:/home/morcossameh/.m2/repository/aopalliance/aopalliance/1.0/aopalliance-1.0.jar:/home/morcossameh/.m2/repository/com/sun/jersey/jersey-json/1.9/jersey-json-1.9.jar:/home/morcossameh/.m2/repository/com/sun/xml/bind/jaxb-impl/2.2.3-1/jaxb-impl-2.2.3-1.jar:/home/morcossameh/.m2/repository/com/sun/jersey/contribs/jersey-guice/1.9/jersey-guice-1.9.jar:/home/morcossameh/.m2/repository/com/sun/jersey/jersey-server/1.9/jersey-server-1.9.jar:/home/morcossameh/.m2/repository/org/codehaus/jettison/jettison/1.1/jettison-1.1.jar:/home/morcossameh/.m2/repository/org/apache/hadoop/hadoop-yarn-server-applicationhistoryservice/2.6.0/hadoop-yarn-server-applicationhistoryservice-2.6.0.jar:/home/morcossameh/.m2/repository/org/apache/hadoop/hadoop-yarn-server-web-proxy/2.6.0/hadoop-yarn-server-web-proxy-2.6.0.jar:/home/morcossameh/.m2/repository/org/mortbay/jetty/jetty/6.1.26/jetty-6.1.26.jar:/home/morcossameh/.m2/repository/org/apache/hive/shims/hive-shims-scheduler/1.1.0/hive-shims-scheduler-1.1.0.jar:/home/morcossameh/.m2/repository/commons-logging/commons-logging/1.1.3/commons-logging-1.1.3.jar:/home/morcossameh/.m2/repository/org/apache/httpcomponents/httpclient/4.2.5/httpclient-4.2.5.jar:/home/morcossameh/.m2/repository/org/apache/httpcomponents/httpcore/4.2.5/httpcore-4.2.5.jar:/home/morcossameh/.m2/repository/org/apache/thrift/libthrift/0.9.2/libthrift-0.9.2.jar:/home/morcossameh/.m2/repository/org/apache/zookeeper/zookeeper/3.4.6/zookeeper-3.4.6.jar:/home/morcossameh/.m2/repository/jline/jline/0.9.94/jline-0.9.94.jar:/home/morcossameh/.m2/repository/org/apache/curator/curator-framework/2.6.0/curator-framework-2.6.0.jar:/home/morcossameh/.m2/repository/org/slf4j/slf4j-log4j12/1.7.25/slf4j-log4j12-1.7.25.jar:/home/morcossameh/.m2/repository/junit/junit/4.12/junit-4.12.jar:/home/morcossameh/.m2/repository/org/hamcrest/hamcrest-core/1.3/hamcrest-core-1.3.jar:/home/morcossameh/.m2/repository/org/mockito/mockito-core/1.10.19/mockito-core-1.10.19.jar:/home/morcossameh/.m2/repository/org/objenesis/objenesis/2.1/objenesis-2.1.jar:/home/morcossameh/.m2/repository/org/slf4j/slf4j-simple/1.7.25/slf4j-simple-1.7.25.jar:/home/morcossameh/.m2/repository/org/codehaus/groovy/groovy-all/2.4.13/groovy-all-2.4.13.jar:"/>
    <property name="java.vm.vendor" value="Oracle Corporation"/>
    <property name="sun.arch.data.model" value="64"/>
    <property name="java.vendor.url" value="http://java.oracle.com/"/>
    <property name="user.timezone" value=""/>
    <property name="java.vm.specification.version" value="1.8"/>
    <property name="os.name" value="Linux"/>
    <property name="user.country" value="US"/>
    <property name="sun.java.launcher" value="SUN_STANDARD"/>
    <property name="sun.boot.library.path" value="/opt/jdk1.8.0_211/jre/lib/amd64"/>
    <property name="sun.java.command" value="/home/morcossameh/eclipse-workspace/newProcessor2/SCC-processors/nifi-demo-processors/target/surefire/surefirebooter1682014766793615679.jar /home/morcossameh/eclipse-workspace/newProcessor2/SCC-processors/nifi-demo-processors/target/surefire 2019-08-27T15-05-14_057-jvmRun1 surefire6358950487164625786tmp surefire_07516742475813161510tmp"/>
    <property name="surefire.test.class.path" value="/home/morcossameh/eclipse-workspace/newProcessor2/SCC-processors/nifi-demo-processors/target/test-classes:/home/morcossameh/eclipse-workspace/newProcessor2/SCC-processors/nifi-demo-processors/target/classes:/home/morcossameh/.m2/repository/org/apache/nifi/nifi-api/1.9.2/nifi-api-1.9.2.jar:/home/morcossameh/.m2/repository/org/apache/nifi/nifi-processor-utils/1.9.2/nifi-processor-utils-1.9.2.jar:/home/morcossameh/.m2/repository/commons-io/commons-io/2.6/commons-io-2.6.jar:/home/morcossameh/.m2/repository/com/fasterxml/jackson/core/jackson-databind/2.9.7/jackson-databind-2.9.7.jar:/home/morcossameh/.m2/repository/com/fasterxml/jackson/core/jackson-annotations/2.9.0/jackson-annotations-2.9.0.jar:/home/morcossameh/.m2/repository/org/apache/nifi/nifi-kerberos-credentials-service-api/1.9.2/nifi-kerberos-credentials-service-api-1.9.2.jar:/home/morcossameh/.m2/repository/org/apache/nifi/nifi-record-serialization-service-api/1.9.2/nifi-record-serialization-service-api-1.9.2.jar:/home/morcossameh/.m2/repository/org/apache/kudu/kudu-client/1.7.0/kudu-client-1.7.0.jar:/home/morcossameh/.m2/repository/com/stumbleupon/async/1.4.1/async-1.4.1.jar:/home/morcossameh/.m2/repository/org/apache/yetus/audience-annotations/0.7.0/audience-annotations-0.7.0.jar:/home/morcossameh/.m2/repository/org/slf4j/slf4j-api/1.7.25/slf4j-api-1.7.25.jar:/home/morcossameh/.m2/repository/org/apache/nifi/nifi-utils/1.9.2/nifi-utils-1.9.2.jar:/home/morcossameh/.m2/repository/org/apache/nifi/nifi-record/1.9.2/nifi-record-1.9.2.jar:/home/morcossameh/.m2/repository/com/google/guava/guava/18.0/guava-18.0.jar:/home/morcossameh/.m2/repository/org/apache/nifi/nifi-security-utils/1.9.2/nifi-security-utils-1.9.2.jar:/home/morcossameh/.m2/repository/org/apache/commons/commons-lang3/3.8.1/commons-lang3-3.8.1.jar:/home/morcossameh/.m2/repository/commons-codec/commons-codec/1.11/commons-codec-1.11.jar:/home/morcossameh/.m2/repository/org/bouncycastle/bcprov-jdk15on/1.60/bcprov-jdk15on-1.60.jar:/home/morcossameh/.m2/repository/org/bouncycastle/bcpkix-jdk15on/1.60/bcpkix-jdk15on-1.60.jar:/home/morcossameh/.m2/repository/org/apache/nifi/nifi-properties/1.9.2/nifi-properties-1.9.2.jar:/home/morcossameh/.m2/repository/de/svenkubiak/jBCrypt/0.4.1/jBCrypt-0.4.1.jar:/home/morcossameh/.m2/repository/org/apache/nifi/nifi-mock-record-utils/1.9.2/nifi-mock-record-utils-1.9.2.jar:/home/morcossameh/.m2/repository/org/apache/nifi/nifi-mock/1.9.2/nifi-mock-1.9.2.jar:/home/morcossameh/.m2/repository/org/apache/nifi/nifi-framework-api/1.9.2/nifi-framework-api-1.9.2.jar:/home/morcossameh/.m2/repository/org/apache/nifi/nifi-expression-language/1.9.2/nifi-expression-language-1.9.2.jar:/home/morcossameh/.m2/repository/org/antlr/antlr-runtime/3.5.2/antlr-runtime-3.5.2.jar:/home/morcossameh/.m2/repository/org/apache/commons/commons-text/1.4/commons-text-1.4.jar:/home/morcossameh/.m2/repository/org/apache/nifi/nifi-data-provenance-utils/1.9.2/nifi-data-provenance-utils-1.9.2.jar:/home/morcossameh/.m2/repository/org/apache/nifi/nifi-properties-loader/1.9.2/nifi-properties-loader-1.9.2.jar:/home/morcossameh/.m2/repository/ch/qos/logback/logback-classic/1.2.3/logback-classic-1.2.3.jar:/home/morcossameh/.m2/repository/ch/qos/logback/logback-core/1.2.3/logback-core-1.2.3.jar:/home/morcossameh/.m2/repository/org/mockito/mockito-all/1.10.19/mockito-all-1.10.19.jar:/home/morcossameh/.m2/repository/com/fasterxml/jackson/core/jackson-core/2.5.4/jackson-core-2.5.4.jar:/home/morcossameh/.m2/repository/com/jayway/jsonpath/json-path/2.4.0/json-path-2.4.0.jar:/home/morcossameh/.m2/repository/net/minidev/json-smart/2.3/json-smart-2.3.jar:/home/morcossameh/.m2/repository/net/minidev/accessors-smart/1.2/accessors-smart-1.2.jar:/home/morcossameh/.m2/repository/org/ow2/asm/asm/5.0.4/asm-5.0.4.jar:/home/morcossameh/.m2/repository/mysql/mysql-connector-java/8.0.15/mysql-connector-java-8.0.15.jar:/home/morcossameh/.m2/repository/com/google/protobuf/protobuf-java/3.6.1/protobuf-java-3.6.1.jar:/home/morcossameh/.m2/repository/org/apache/hadoop/hadoop-client/2.6.0/hadoop-client-2.6.0.jar:/home/morcossameh/.m2/repository/org/apache/hadoop/hadoop-common/2.6.0/hadoop-common-2.6.0.jar:/home/morcossameh/.m2/repository/commons-cli/commons-cli/1.2/commons-cli-1.2.jar:/home/morcossameh/.m2/repository/org/apache/commons/commons-math3/3.1.1/commons-math3-3.1.1.jar:/home/morcossameh/.m2/repository/xmlenc/xmlenc/0.52/xmlenc-0.52.jar:/home/morcossameh/.m2/repository/commons-httpclient/commons-httpclient/3.1/commons-httpclient-3.1.jar:/home/morcossameh/.m2/repository/commons-net/commons-net/3.1/commons-net-3.1.jar:/home/morcossameh/.m2/repository/commons-collections/commons-collections/3.2.1/commons-collections-3.2.1.jar:/home/morcossameh/.m2/repository/log4j/log4j/1.2.17/log4j-1.2.17.jar:/home/morcossameh/.m2/repository/commons-lang/commons-lang/2.6/commons-lang-2.6.jar:/home/morcossameh/.m2/repository/commons-configuration/commons-configuration/1.6/commons-configuration-1.6.jar:/home/morcossameh/.m2/repository/commons-digester/commons-digester/1.8/commons-digester-1.8.jar:/home/morcossameh/.m2/repository/commons-beanutils/commons-beanutils/1.7.0/commons-beanutils-1.7.0.jar:/home/morcossameh/.m2/repository/commons-beanutils/commons-beanutils-core/1.8.0/commons-beanutils-core-1.8.0.jar:/home/morcossameh/.m2/repository/org/codehaus/jackson/jackson-core-asl/1.9.13/jackson-core-asl-1.9.13.jar:/home/morcossameh/.m2/repository/org/codehaus/jackson/jackson-mapper-asl/1.9.13/jackson-mapper-asl-1.9.13.jar:/home/morcossameh/.m2/repository/org/apache/avro/avro/1.7.4/avro-1.7.4.jar:/home/morcossameh/.m2/repository/com/thoughtworks/paranamer/paranamer/2.3/paranamer-2.3.jar:/home/morcossameh/.m2/repository/org/xerial/snappy/snappy-java/1.0.4.1/snappy-java-1.0.4.1.jar:/home/morcossameh/.m2/repository/com/google/code/gson/gson/2.2.4/gson-2.2.4.jar:/home/morcossameh/.m2/repository/org/apache/hadoop/hadoop-auth/2.6.0/hadoop-auth-2.6.0.jar:/home/morcossameh/.m2/repository/org/apache/directory/server/apacheds-kerberos-codec/2.0.0-M15/apacheds-kerberos-codec-2.0.0-M15.jar:/home/morcossameh/.m2/repository/org/apache/directory/server/apacheds-i18n/2.0.0-M15/apacheds-i18n-2.0.0-M15.jar:/home/morcossameh/.m2/repository/org/apache/directory/api/api-asn1-api/1.0.0-M20/api-asn1-api-1.0.0-M20.jar:/home/morcossameh/.m2/repository/org/apache/directory/api/api-util/1.0.0-M20/api-util-1.0.0-M20.jar:/home/morcossameh/.m2/repository/org/apache/curator/curator-client/2.6.0/curator-client-2.6.0.jar:/home/morcossameh/.m2/repository/org/apache/curator/curator-recipes/2.6.0/curator-recipes-2.6.0.jar:/home/morcossameh/.m2/repository/com/google/code/findbugs/jsr305/1.3.9/jsr305-1.3.9.jar:/home/morcossameh/.m2/repository/org/htrace/htrace-core/3.0.4/htrace-core-3.0.4.jar:/home/morcossameh/.m2/repository/org/apache/commons/commons-compress/1.4.1/commons-compress-1.4.1.jar:/home/morcossameh/.m2/repository/org/tukaani/xz/1.0/xz-1.0.jar:/home/morcossameh/.m2/repository/org/apache/hadoop/hadoop-hdfs/2.6.0/hadoop-hdfs-2.6.0.jar:/home/morcossameh/.m2/repository/org/mortbay/jetty/jetty-util/6.1.26/jetty-util-6.1.26.jar:/home/morcossameh/.m2/repository/io/netty/netty/3.6.2.Final/netty-3.6.2.Final.jar:/home/morcossameh/.m2/repository/xerces/xercesImpl/2.9.1/xercesImpl-2.9.1.jar:/home/morcossameh/.m2/repository/xml-apis/xml-apis/1.3.04/xml-apis-1.3.04.jar:/home/morcossameh/.m2/repository/org/apache/hadoop/hadoop-mapreduce-client-app/2.6.0/hadoop-mapreduce-client-app-2.6.0.jar:/home/morcossameh/.m2/repository/org/apache/hadoop/hadoop-mapreduce-client-common/2.6.0/hadoop-mapreduce-client-common-2.6.0.jar:/home/morcossameh/.m2/repository/org/apache/hadoop/hadoop-yarn-client/2.6.0/hadoop-yarn-client-2.6.0.jar:/home/morcossameh/.m2/repository/org/apache/hadoop/hadoop-yarn-server-common/2.6.0/hadoop-yarn-server-common-2.6.0.jar:/home/morcossameh/.m2/repository/org/apache/hadoop/hadoop-mapreduce-client-shuffle/2.6.0/hadoop-mapreduce-client-shuffle-2.6.0.jar:/home/morcossameh/.m2/repository/org/fusesource/leveldbjni/leveldbjni-all/1.8/leveldbjni-all-1.8.jar:/home/morcossameh/.m2/repository/org/apache/hadoop/hadoop-yarn-api/2.6.0/hadoop-yarn-api-2.6.0.jar:/home/morcossameh/.m2/repository/org/apache/hadoop/hadoop-mapreduce-client-core/2.6.0/hadoop-mapreduce-client-core-2.6.0.jar:/home/morcossameh/.m2/repository/org/apache/hadoop/hadoop-yarn-common/2.6.0/hadoop-yarn-common-2.6.0.jar:/home/morcossameh/.m2/repository/javax/xml/bind/jaxb-api/2.2.2/jaxb-api-2.2.2.jar:/home/morcossameh/.m2/repository/javax/xml/stream/stax-api/1.0-2/stax-api-1.0-2.jar:/home/morcossameh/.m2/repository/javax/servlet/servlet-api/2.5/servlet-api-2.5.jar:/home/morcossameh/.m2/repository/com/sun/jersey/jersey-core/1.9/jersey-core-1.9.jar:/home/morcossameh/.m2/repository/com/sun/jersey/jersey-client/1.9/jersey-client-1.9.jar:/home/morcossameh/.m2/repository/org/codehaus/jackson/jackson-jaxrs/1.9.13/jackson-jaxrs-1.9.13.jar:/home/morcossameh/.m2/repository/org/codehaus/jackson/jackson-xc/1.9.13/jackson-xc-1.9.13.jar:/home/morcossameh/.m2/repository/org/apache/hadoop/hadoop-mapreduce-client-jobclient/2.6.0/hadoop-mapreduce-client-jobclient-2.6.0.jar:/home/morcossameh/.m2/repository/org/apache/hadoop/hadoop-annotations/2.6.0/hadoop-annotations-2.6.0.jar:/home/morcossameh/.m2/repository/org/apache/hive/hive-jdbc/1.1.0/hive-jdbc-1.1.0.jar:/home/morcossameh/.m2/repository/org/apache/hive/hive-common/1.1.0/hive-common-1.1.0.jar:/home/morcossameh/.m2/repository/log4j/apache-log4j-extras/1.2.17/apache-log4j-extras-1.2.17.jar:/home/morcossameh/.m2/repository/org/apache/ant/ant/1.9.1/ant-1.9.1.jar:/home/morcossameh/.m2/repository/org/apache/ant/ant-launcher/1.9.1/ant-launcher-1.9.1.jar:/home/morcossameh/.m2/repository/org/apache/hive/hive-service/1.1.0/hive-service-1.1.0.jar:/home/morcossameh/.m2/repository/net/sf/jpam/jpam/1.1/jpam-1.1.jar:/home/morcossameh/.m2/repository/org/eclipse/jetty/aggregate/jetty-all/7.6.0.v20120127/jetty-all-7.6.0.v20120127.jar:/home/morcossameh/.m2/repository/org/apache/geronimo/specs/geronimo-jta_1.1_spec/1.1.1/geronimo-jta_1.1_spec-1.1.1.jar:/home/morcossameh/.m2/repository/javax/mail/mail/1.4.1/mail-1.4.1.jar:/home/morcossameh/.m2/repository/javax/activation/activation/1.1/activation-1.1.jar:/home/morcossameh/.m2/repository/org/apache/geronimo/specs/geronimo-jaspic_1.0_spec/1.0/geronimo-jaspic_1.0_spec-1.0.jar:/home/morcossameh/.m2/repository/org/apache/geronimo/specs/geronimo-annotation_1.0_spec/1.1.1/geronimo-annotation_1.0_spec-1.1.1.jar:/home/morcossameh/.m2/repository/asm/asm-commons/3.1/asm-commons-3.1.jar:/home/morcossameh/.m2/repository/asm/asm-tree/3.1/asm-tree-3.1.jar:/home/morcossameh/.m2/repository/asm/asm/3.1/asm-3.1.jar:/home/morcossameh/.m2/repository/org/apache/thrift/libfb303/0.9.2/libfb303-0.9.2.jar:/home/morcossameh/.m2/repository/org/apache/hive/hive-serde/1.1.0/hive-serde-1.1.0.jar:/home/morcossameh/.m2/repository/net/sf/opencsv/opencsv/2.3/opencsv-2.3.jar:/home/morcossameh/.m2/repository/com/twitter/parquet-hadoop-bundle/1.6.0rc3/parquet-hadoop-bundle-1.6.0rc3.jar:/home/morcossameh/.m2/repository/org/apache/hive/hive-metastore/1.1.0/hive-metastore-1.1.0.jar:/home/morcossameh/.m2/repository/com/jolbox/bonecp/0.8.0.RELEASE/bonecp-0.8.0.RELEASE.jar:/home/morcossameh/.m2/repository/org/apache/derby/derby/10.11.1.1/derby-10.11.1.1.jar:/home/morcossameh/.m2/repository/org/datanucleus/datanucleus-api-jdo/3.2.6/datanucleus-api-jdo-3.2.6.jar:/home/morcossameh/.m2/repository/org/datanucleus/datanucleus-core/3.2.10/datanucleus-core-3.2.10.jar:/home/morcossameh/.m2/repository/org/datanucleus/datanucleus-rdbms/3.2.9/datanucleus-rdbms-3.2.9.jar:/home/morcossameh/.m2/repository/commons-pool/commons-pool/1.5.4/commons-pool-1.5.4.jar:/home/morcossameh/.m2/repository/commons-dbcp/commons-dbcp/1.4/commons-dbcp-1.4.jar:/home/morcossameh/.m2/repository/javax/jdo/jdo-api/3.0.1/jdo-api-3.0.1.jar:/home/morcossameh/.m2/repository/javax/transaction/jta/1.1/jta-1.1.jar:/home/morcossameh/.m2/repository/org/apache/hive/hive-shims/1.1.0/hive-shims-1.1.0.jar:/home/morcossameh/.m2/repository/org/apache/hive/shims/hive-shims-common/1.1.0/hive-shims-common-1.1.0.jar:/home/morcossameh/.m2/repository/org/apache/hive/shims/hive-shims-0.20S/1.1.0/hive-shims-0.20S-1.1.0.jar:/home/morcossameh/.m2/repository/org/apache/hive/shims/hive-shims-0.23/1.1.0/hive-shims-0.23-1.1.0.jar:/home/morcossameh/.m2/repository/org/apache/hadoop/hadoop-yarn-server-resourcemanager/2.6.0/hadoop-yarn-server-resourcemanager-2.6.0.jar:/home/morcossameh/.m2/repository/com/google/inject/extensions/guice-servlet/3.0/guice-servlet-3.0.jar:/home/morcossameh/.m2/repository/com/google/inject/guice/3.0/guice-3.0.jar:/home/morcossameh/.m2/repository/javax/inject/javax.inject/1/javax.inject-1.jar:/home/morcossameh/.m2/repository/aopalliance/aopalliance/1.0/aopalliance-1.0.jar:/home/morcossameh/.m2/repository/com/sun/jersey/jersey-json/1.9/jersey-json-1.9.jar:/home/morcossameh/.m2/repository/com/sun/xml/bind/jaxb-impl/2.2.3-1/jaxb-impl-2.2.3-1.jar:/home/morcossameh/.m2/repository/com/sun/jersey/contribs/jersey-guice/1.9/jersey-guice-1.9.jar:/home/morcossameh/.m2/repository/com/sun/jersey/jersey-server/1.9/jersey-server-1.9.jar:/home/morcossameh/.m2/repository/org/codehaus/jettison/jettison/1.1/jettison-1.1.jar:/home/morcossameh/.m2/repository/org/apache/hadoop/hadoop-yarn-server-applicationhistoryservice/2.6.0/hadoop-yarn-server-applicationhistoryservice-2.6.0.jar:/home/morcossameh/.m2/repository/org/apache/hadoop/hadoop-yarn-server-web-proxy/2.6.0/hadoop-yarn-server-web-proxy-2.6.0.jar:/home/morcossameh/.m2/repository/org/mortbay/jetty/jetty/6.1.26/jetty-6.1.26.jar:/home/morcossameh/.m2/repository/org/apache/hive/shims/hive-shims-scheduler/1.1.0/hive-shims-scheduler-1.1.0.jar:/home/morcossameh/.m2/repository/commons-logging/commons-logging/1.1.3/commons-logging-1.1.3.jar:/home/morcossameh/.m2/repository/org/apache/httpcomponents/httpclient/4.2.5/httpclient-4.2.5.jar:/home/morcossameh/.m2/repository/org/apache/httpcomponents/httpcore/4.2.5/httpcore-4.2.5.jar:/home/morcossameh/.m2/repository/org/apache/thrift/libthrift/0.9.2/libthrift-0.9.2.jar:/home/morcossameh/.m2/repository/org/apache/zookeeper/zookeeper/3.4.6/zookeeper-3.4.6.jar:/home/morcossameh/.m2/repository/jline/jline/0.9.94/jline-0.9.94.jar:/home/morcossameh/.m2/repository/org/apache/curator/curator-framework/2.6.0/curator-framework-2.6.0.jar:/home/morcossameh/.m2/repository/org/slf4j/slf4j-log4j12/1.7.25/slf4j-log4j12-1.7.25.jar:/home/morcossameh/.m2/repository/junit/junit/4.12/junit-4.12.jar:/home/morcossameh/.m2/repository/org/hamcrest/hamcrest-core/1.3/hamcrest-core-1.3.jar:/home/morcossameh/.m2/repository/org/mockito/mockito-core/1.10.19/mockito-core-1.10.19.jar:/home/morcossameh/.m2/repository/org/objenesis/objenesis/2.1/objenesis-2.1.jar:/home/morcossameh/.m2/repository/org/slf4j/slf4j-simple/1.7.25/slf4j-simple-1.7.25.jar:/home/morcossameh/.m2/repository/org/codehaus/groovy/groovy-all/2.4.13/groovy-all-2.4.13.jar:"/>
    <property name="sun.cpu.endian" value="little"/>
    <property name="user.home" value="/home/morcossameh"/>
    <property name="user.language" value="en"/>
    <property name="java.specification.vendor" value="Oracle Corporation"/>
    <property name="java.home" value="/opt/jdk1.8.0_211/jre"/>
    <property name="basedir" value="/home/morcossameh/eclipse-workspace/newProcessor2/SCC-processors/nifi-demo-processors"/>
    <property name="file.separator" value="/"/>
    <property name="line.separator" value="&#10;"/>
    <property name="java.vm.specification.vendor" value="Oracle Corporation"/>
    <property name="java.specification.name" value="Java Platform API Specification"/>
    <property name="java.awt.graphicsenv" value="sun.awt.X11GraphicsEnvironment"/>
    <property name="java.awt.headless" value="true"/>
    <property name="surefire.real.class.path" value="/home/morcossameh/eclipse-workspace/newProcessor2/SCC-processors/nifi-demo-processors/target/surefire/surefirebooter1682014766793615679.jar"/>
    <property name="sun.boot.class.path" value="/opt/jdk1.8.0_211/jre/lib/resources.jar:/opt/jdk1.8.0_211/jre/lib/rt.jar:/opt/jdk1.8.0_211/jre/lib/sunrsasign.jar:/opt/jdk1.8.0_211/jre/lib/jsse.jar:/opt/jdk1.8.0_211/jre/lib/jce.jar:/opt/jdk1.8.0_211/jre/lib/charsets.jar:/opt/jdk1.8.0_211/jre/lib/jfr.jar:/opt/jdk1.8.0_211/jre/classes"/>
    <property name="sun.management.compiler" value="HotSpot 64-Bit Tiered Compilers"/>
    <property name="java.runtime.version" value="1.8.0_211-b12"/>
    <property name="java.net.preferIPv4Stack" value="true"/>
    <property name="user.name" value="morcossameh"/>
    <property name="path.separator" value=":"/>
    <property name="os.version" value="5.0.0-25-generic"/>
    <property name="java.endorsed.dirs" value="/opt/jdk1.8.0_211/jre/lib/endorsed"/>
    <property name="java.runtime.name" value="Java(TM) SE Runtime Environment"/>
    <property name="file.encoding" value="UTF-8"/>
    <property name="java.vm.name" value="Java HotSpot(TM) 64-Bit Server VM"/>
    <property name="localRepository" value="/home/morcossameh/.m2/repository"/>
    <property name="java.vendor.url.bug" value="http://bugreport.sun.com/bugreport/"/>
    <property name="java.io.tmpdir" value="/tmp"/>
    <property name="java.version" value="1.8.0_211"/>
    <property name="user.dir" value="/home/morcossameh/eclipse-workspace/newProcessor2/SCC-processors/nifi-demo-processors"/>
    <property name="os.arch" value="amd64"/>
    <property name="java.vm.specification.name" value="Java Virtual Machine Specification"/>
    <property name="java.awt.printerjob" value="sun.print.PSPrinterJob"/>
    <property name="sun.os.patch.level" value="unknown"/>
    <property name="java.library.path" value="/usr/lib/x86_64-linux-gnu:/usr/java/packages/lib/amd64:/usr/lib64:/lib64:/lib:/usr/lib"/>
    <property name="java.vm.info" value="mixed mode"/>
    <property name="java.vendor" value="Oracle Corporation"/>
    <property name="java.vm.version" value="25.211-b12"/>
    <property name="java.ext.dirs" value="/opt/jdk1.8.0_211/jre/lib/ext:/usr/java/packages/lib/ext"/>
    <property name="sun.io.unicode.encoding" value="UnicodeLittle"/>
    <property name="java.class.version" value="52.0"/>
  </properties>
  <testcase name="testProcessor" classname="scc.processors.demo.MyProcessorTest" time="0.541"/>
</testsuite>